<?xml version="1.0" encoding="UTF-8"?>
<testng-results skipped="0" failed="0" ignored="0" total="3" passed="3">
  <reporter-output>
  </reporter-output>
  <suite name="Surefire suite" duration-ms="72830" started-at="2022-05-21T05:33:21Z" finished-at="2022-05-21T05:34:33Z">
    <groups>
    </groups>
    <test name="Surefire test" duration-ms="72830" started-at="2022-05-21T05:33:21Z" finished-at="2022-05-21T05:34:33Z">
      <class name="Hotel.Bonvoy.AppTest">
        <test-method status="PASS" signature="test1()[pri:0, instance:Hotel.Bonvoy.AppTest@6108b2d7]" name="test1" duration-ms="35216" started-at="2022-05-21T05:33:21Z" finished-at="2022-05-21T05:33:56Z">
          <reporter-output>
          </reporter-output>
        </test-method> <!-- test1 -->
        <test-method status="PASS" signature="test2()[pri:0, instance:Hotel.Bonvoy.AppTest@6108b2d7]" name="test2" duration-ms="18532" started-at="2022-05-21T05:33:56Z" finished-at="2022-05-21T05:34:14Z">
          <reporter-output>
          </reporter-output>
        </test-method> <!-- test2 -->
        <test-method status="PASS" signature="test3()[pri:0, instance:Hotel.Bonvoy.AppTest@6108b2d7]" name="test3" duration-ms="19032" started-at="2022-05-21T05:34:14Z" finished-at="2022-05-21T05:34:33Z">
          <reporter-output>
          </reporter-output>
        </test-method> <!-- test3 -->
      </class> <!-- Hotel.Bonvoy.AppTest -->
    </test> <!-- Surefire test -->
  </suite> <!-- Surefire suite -->
</testng-results>
