<?xml version="1.0" encoding="UTF-8"?>
<!-- Generated by org.testng.reporters.JUnitXMLReporter -->
<testsuite hostname="mindc1d272" ignored="0" name="Surefire test" tests="3" failures="0" timestamp="21 May 2022 05:34:33 GMT" time="72.83" errors="0">
  <testcase name="test1" time="35.216" classname="Hotel.Bonvoy.AppTest"/>
  <testcase name="test2" time="18.532" classname="Hotel.Bonvoy.AppTest"/>
  <testcase name="test3" time="19.032" classname="Hotel.Bonvoy.AppTest"/>
</testsuite> <!-- Surefire test -->
